
2025-03-05T09:08:53.168Z [INFO]: [object Object]
2025-03-05T09:08:53.436Z [INFO]: [object Object]
2025-03-05T12:33:33.936Z [INFO]: Creating order for userd461617a-629c-48ad-a707-c09706dabfb5
2025-03-05T12:33:35.186Z [ERROR]: [object Object]
2025-03-05T12:35:47.803Z [INFO]: Creating order for userd461617a-629c-48ad-a707-c09706dabfb5
2025-03-05T12:35:48.125Z [ERROR]: [object Object]
2025-03-05T12:40:32.033Z [INFO]: Creating order for userd461617a-629c-48ad-a707-c09706dabfb5
2025-03-05T12:40:32.276Z [ERROR]: [object Object]
2025-03-05T12:43:25.621Z [INFO]: Creating order for userd461617a-629c-48ad-a707-c09706dabfb5
2025-03-05T12:43:33.182Z [ERROR]: [object Object]
2025-03-05T12:45:25.025Z [INFO]: Creating order for userd461617a-629c-48ad-a707-c09706dabfb5
2025-03-05T12:45:25.215Z [ERROR]: [object Object]
2025-03-05T12:46:02.280Z [INFO]: Creating order for userd461617a-629c-48ad-a707-c09706dabfb5
2025-03-05T13:08:26.593Z [INFO]: Creating order for user4ba4f258-b70e-4b8d-a24e-b1fffcd53431
2025-03-05T13:08:27.546Z [ERROR]: [object Object]
2025-03-05T13:08:35.957Z [INFO]: Creating order for user4ba4f258-b70e-4b8d-a24e-b1fffcd53431
2025-03-05T13:08:36.549Z [ERROR]: [object Object]
2025-03-05T13:09:30.172Z [INFO]: Creating order for user4ba4f258-b70e-4b8d-a24e-b1fffcd53431
2025-03-05T13:09:30.639Z [ERROR]: [object Object]
2025-03-05T13:13:28.692Z [INFO]: Creating order for user4ba4f258-b70e-4b8d-a24e-b1fffcd53431
2025-03-05T13:13:30.388Z [ERROR]: [object Object]
2025-03-05T13:15:40.467Z [INFO]: Creating order for user4ba4f258-b70e-4b8d-a24e-b1fffcd53431
2025-03-05T13:15:41.195Z [ERROR]: {"error":"\nInvalid `tx.ticket.updateMany()` invocation in\nC:\\Users\\Anuj\\Desktop\\Ticketing-System\\Version 2\\backend\\takshak-agt-backend\\src\\services\\checkout.service.ts:28:25\n\n  25 return await prisma.$transaction(\n  26   async (tx) => {\n  27     // Step 1: Remove expired reservations\n→ 28     await tx.ticket.updateMany(\nThe column `Ticket.reservationExpiresAt` does not exist in the current database.","stack":"PrismaClientKnownRequestError: \nInvalid `tx.ticket.updateMany()` invocation in\nC:\\Users\\Anuj\\Desktop\\Ticketing-System\\Version 2\\backend\\takshak-agt-backend\\src\\services\\checkout.service.ts:28:25\n\n  25 return await prisma.$transaction(\n  26   async (tx) => {\n  27     // Step 1: Remove expired reservations\n→ 28     await tx.ticket.updateMany(\nThe column `Ticket.reservationExpiresAt` does not exist in the current database.\n    at Un.handleRequestError (C:\\Users\\Anuj\\Desktop\\Ticketing-System\\Version 2\\backend\\takshak-agt-backend\\node_modules\\@prisma\\client\\runtime\\library.js:121:7447)\n    at Un.handleAndLogRequestError (C:\\Users\\Anuj\\Desktop\\Ticketing-System\\Version 2\\backend\\takshak-agt-backend\\node_modules\\@prisma\\client\\runtime\\library.js:121:6771)\n    at Un.request (C:\\Users\\Anuj\\Desktop\\Ticketing-System\\Version 2\\backend\\takshak-agt-backend\\node_modules\\@prisma\\client\\runtime\\library.js:121:6478)\n    at async l (C:\\Users\\Anuj\\Desktop\\Ticketing-System\\Version 2\\backend\\takshak-agt-backend\\node_modules\\@prisma\\client\\runtime\\library.js:130:9644)"}
2025-03-05T13:39:09.746Z [INFO]: Creating order for user4ba4f258-b70e-4b8d-a24e-b1fffcd53431
2025-03-05T13:39:10.538Z [ERROR]: {"error":"Not enough available tickets","stack":"Error: Not enough available tickets\n    at Function.<anonymous> (C:\\Users\\Anuj\\Desktop\\Ticketing-System\\Version 2\\backend\\takshak-agt-backend\\src\\services\\checkout.service.ts:47:17)\n    at Generator.next (<anonymous>)\n    at fulfilled (C:\\Users\\Anuj\\Desktop\\Ticketing-System\\Version 2\\backend\\takshak-agt-backend\\src\\services\\checkout.service.ts:5:58)"}
2025-03-05T13:40:07.758Z [INFO]: Creating order for user4ba4f258-b70e-4b8d-a24e-b1fffcd53431
2025-03-05T13:40:08.235Z [ERROR]: {"error":"Not enough available tickets","stack":"Error: Not enough available tickets\n    at Function.<anonymous> (C:\\Users\\Anuj\\Desktop\\Ticketing-System\\Version 2\\backend\\takshak-agt-backend\\src\\services\\checkout.service.ts:47:17)\n    at Generator.next (<anonymous>)\n    at fulfilled (C:\\Users\\Anuj\\Desktop\\Ticketing-System\\Version 2\\backend\\takshak-agt-backend\\src\\services\\checkout.service.ts:5:58)"}
2025-03-05T14:08:12.383Z [INFO]: Creating order for user4ba4f258-b70e-4b8d-a24e-b1fffcd53431
2025-03-05T14:28:00.069Z [INFO]: [2025-03-05T14:28:00.065Z] Running cron job to update expired bookings...
2025-03-05T14:29:00.598Z [INFO]: [2025-03-05T14:29:00.598Z] Running cron job to update expired bookings...
2025-03-05T14:30:00.229Z [INFO]: [2025-03-05T14:30:00.229Z] Running cron job to update expired bookings...
